2022-09-05 15:04:50,186 - Log4JLogChute initialized using file 'velocity.log'
2022-09-05 15:04:50,187 - Initializing Velocity, Calling init()...
2022-09-05 15:04:50,187 - Starting Apache Velocity v1.7 (compiled: 2010-11-19 12:14:37)
2022-09-05 15:04:50,187 - Default Properties File: org\apache\velocity\runtime\defaults\velocity.properties
2022-09-05 15:04:50,187 - Trying to use logger class org.apache.velocity.runtime.log.AvalonLogChute
2022-09-05 15:04:50,187 - Target log system for org.apache.velocity.runtime.log.AvalonLogChute is not available (java.lang.NoClassDefFoundError: org/apache/log/format/Formatter).  Falling back to next log system...
2022-09-05 15:04:50,187 - Trying to use logger class org.apache.velocity.runtime.log.Log4JLogChute
2022-09-05 15:04:50,187 - Using logger class org.apache.velocity.runtime.log.Log4JLogChute
2022-09-05 15:04:50,193 - ResourceLoader instantiated: org.apache.velocity.runtime.resource.loader.FileResourceLoader
2022-09-05 15:04:50,195 - Do unicode file recognition:  false
2022-09-05 15:04:50,195 - FileResourceLoader : adding path 'src/main/resources/template'
2022-09-05 15:04:50,212 - ResourceCache: initialized (class org.apache.velocity.runtime.resource.ResourceCacheImpl) with class java.util.Collections$SynchronizedMap cache map.
2022-09-05 15:04:50,215 - Loaded System Directive: org.apache.velocity.runtime.directive.Stop
2022-09-05 15:04:50,216 - Loaded System Directive: org.apache.velocity.runtime.directive.Define
2022-09-05 15:04:50,217 - Loaded System Directive: org.apache.velocity.runtime.directive.Break
2022-09-05 15:04:50,218 - Loaded System Directive: org.apache.velocity.runtime.directive.Evaluate
2022-09-05 15:04:50,219 - Loaded System Directive: org.apache.velocity.runtime.directive.Literal
2022-09-05 15:04:50,221 - Loaded System Directive: org.apache.velocity.runtime.directive.Macro
2022-09-05 15:04:50,223 - Loaded System Directive: org.apache.velocity.runtime.directive.Parse
2022-09-05 15:04:50,225 - Loaded System Directive: org.apache.velocity.runtime.directive.Include
2022-09-05 15:04:50,227 - Loaded System Directive: org.apache.velocity.runtime.directive.Foreach
2022-09-05 15:04:50,275 - Created '20' parsers.
2022-09-05 15:04:50,282 - Velocimacro : "velocimacro.library" is not set.  Trying default library: VM_global_library.vm
2022-09-05 15:04:50,283 - Velocimacro : Default library not found.
2022-09-05 15:04:50,283 - Velocimacro : allowInline = true : VMs can be defined inline in templates
2022-09-05 15:04:50,283 - Velocimacro : allowInlineToOverride = false : VMs defined inline may NOT replace previous VM definitions
2022-09-05 15:04:50,283 - Velocimacro : allowInlineLocal = false : VMs defined inline will be global in scope if allowed.
2022-09-05 15:04:50,283 - Velocimacro : autoload off : VM system will not automatically reload global library macros
2022-09-05 15:04:50,285 - ResourceManager : unable to find resource 'hello.vm' in any resource loader.
2022-09-05 15:05:15,370 - Log4JLogChute initialized using file 'velocity.log'
2022-09-05 15:05:15,370 - Initializing Velocity, Calling init()...
2022-09-05 15:05:15,370 - Starting Apache Velocity v1.7 (compiled: 2010-11-19 12:14:37)
2022-09-05 15:05:15,370 - Default Properties File: org\apache\velocity\runtime\defaults\velocity.properties
2022-09-05 15:05:15,370 - Trying to use logger class org.apache.velocity.runtime.log.AvalonLogChute
2022-09-05 15:05:15,370 - Target log system for org.apache.velocity.runtime.log.AvalonLogChute is not available (java.lang.NoClassDefFoundError: org/apache/log/format/Formatter).  Falling back to next log system...
2022-09-05 15:05:15,370 - Trying to use logger class org.apache.velocity.runtime.log.Log4JLogChute
2022-09-05 15:05:15,370 - Using logger class org.apache.velocity.runtime.log.Log4JLogChute
2022-09-05 15:05:15,376 - ResourceLoader instantiated: org.apache.velocity.runtime.resource.loader.FileResourceLoader
2022-09-05 15:05:15,377 - Do unicode file recognition:  false
2022-09-05 15:05:15,377 - FileResourceLoader : adding path 'src/main/resources/template'
2022-09-05 15:05:15,392 - ResourceCache: initialized (class org.apache.velocity.runtime.resource.ResourceCacheImpl) with class java.util.Collections$SynchronizedMap cache map.
2022-09-05 15:05:15,394 - Loaded System Directive: org.apache.velocity.runtime.directive.Stop
2022-09-05 15:05:15,395 - Loaded System Directive: org.apache.velocity.runtime.directive.Define
2022-09-05 15:05:15,396 - Loaded System Directive: org.apache.velocity.runtime.directive.Break
2022-09-05 15:05:15,397 - Loaded System Directive: org.apache.velocity.runtime.directive.Evaluate
2022-09-05 15:05:15,397 - Loaded System Directive: org.apache.velocity.runtime.directive.Literal
2022-09-05 15:05:15,399 - Loaded System Directive: org.apache.velocity.runtime.directive.Macro
2022-09-05 15:05:15,400 - Loaded System Directive: org.apache.velocity.runtime.directive.Parse
2022-09-05 15:05:15,401 - Loaded System Directive: org.apache.velocity.runtime.directive.Include
2022-09-05 15:05:15,403 - Loaded System Directive: org.apache.velocity.runtime.directive.Foreach
2022-09-05 15:05:15,437 - Created '20' parsers.
2022-09-05 15:05:15,445 - Velocimacro : "velocimacro.library" is not set.  Trying default library: VM_global_library.vm
2022-09-05 15:05:15,445 - Velocimacro : Default library not found.
2022-09-05 15:05:15,445 - Velocimacro : allowInline = true : VMs can be defined inline in templates
2022-09-05 15:05:15,445 - Velocimacro : allowInlineToOverride = false : VMs defined inline may NOT replace previous VM definitions
2022-09-05 15:05:15,445 - Velocimacro : allowInlineLocal = false : VMs defined inline will be global in scope if allowed.
2022-09-05 15:05:15,445 - Velocimacro : autoload off : VM system will not automatically reload global library macros
2022-09-05 15:05:15,447 - ResourceManager : unable to find resource 'hello.vm' in any resource loader.
2022-09-05 15:05:52,162 - Log4JLogChute initialized using file 'velocity.log'
2022-09-05 15:05:52,162 - Initializing Velocity, Calling init()...
2022-09-05 15:05:52,162 - Starting Apache Velocity v1.7 (compiled: 2010-11-19 12:14:37)
2022-09-05 15:05:52,162 - Default Properties File: org\apache\velocity\runtime\defaults\velocity.properties
2022-09-05 15:05:52,162 - Trying to use logger class org.apache.velocity.runtime.log.AvalonLogChute
2022-09-05 15:05:52,162 - Target log system for org.apache.velocity.runtime.log.AvalonLogChute is not available (java.lang.NoClassDefFoundError: org/apache/log/format/Formatter).  Falling back to next log system...
2022-09-05 15:05:52,162 - Trying to use logger class org.apache.velocity.runtime.log.Log4JLogChute
2022-09-05 15:05:52,162 - Using logger class org.apache.velocity.runtime.log.Log4JLogChute
2022-09-05 15:05:52,168 - ResourceLoader instantiated: org.apache.velocity.runtime.resource.loader.FileResourceLoader
2022-09-05 15:05:52,169 - Do unicode file recognition:  false
2022-09-05 15:05:52,170 - FileResourceLoader : adding path 'src/main/resources/template'
2022-09-05 15:05:52,184 - ResourceCache: initialized (class org.apache.velocity.runtime.resource.ResourceCacheImpl) with class java.util.Collections$SynchronizedMap cache map.
2022-09-05 15:05:52,186 - Loaded System Directive: org.apache.velocity.runtime.directive.Stop
2022-09-05 15:05:52,188 - Loaded System Directive: org.apache.velocity.runtime.directive.Define
2022-09-05 15:05:52,188 - Loaded System Directive: org.apache.velocity.runtime.directive.Break
2022-09-05 15:05:52,189 - Loaded System Directive: org.apache.velocity.runtime.directive.Evaluate
2022-09-05 15:05:52,190 - Loaded System Directive: org.apache.velocity.runtime.directive.Literal
2022-09-05 15:05:52,191 - Loaded System Directive: org.apache.velocity.runtime.directive.Macro
2022-09-05 15:05:52,193 - Loaded System Directive: org.apache.velocity.runtime.directive.Parse
2022-09-05 15:05:52,194 - Loaded System Directive: org.apache.velocity.runtime.directive.Include
2022-09-05 15:05:52,195 - Loaded System Directive: org.apache.velocity.runtime.directive.Foreach
2022-09-05 15:05:52,234 - Created '20' parsers.
2022-09-05 15:05:52,240 - Velocimacro : "velocimacro.library" is not set.  Trying default library: VM_global_library.vm
2022-09-05 15:05:52,240 - Velocimacro : Default library not found.
2022-09-05 15:05:52,240 - Velocimacro : allowInline = true : VMs can be defined inline in templates
2022-09-05 15:05:52,240 - Velocimacro : allowInlineToOverride = false : VMs defined inline may NOT replace previous VM definitions
2022-09-05 15:05:52,240 - Velocimacro : allowInlineLocal = false : VMs defined inline will be global in scope if allowed.
2022-09-05 15:05:52,240 - Velocimacro : autoload off : VM system will not automatically reload global library macros
2022-09-05 15:05:52,254 - ResourceManager : found hello.vm with loader org.apache.velocity.runtime.resource.loader.FileResourceLoader
2022-09-05 15:07:41,524 - Log4JLogChute initialized using file 'velocity.log'
2022-09-05 15:07:41,524 - Initializing Velocity, Calling init()...
2022-09-05 15:07:41,524 - Starting Apache Velocity v1.7 (compiled: 2010-11-19 12:14:37)
2022-09-05 15:07:41,525 - Default Properties File: org\apache\velocity\runtime\defaults\velocity.properties
2022-09-05 15:07:41,525 - Trying to use logger class org.apache.velocity.runtime.log.AvalonLogChute
2022-09-05 15:07:41,525 - Target log system for org.apache.velocity.runtime.log.AvalonLogChute is not available (java.lang.NoClassDefFoundError: org/apache/log/format/Formatter).  Falling back to next log system...
2022-09-05 15:07:41,525 - Trying to use logger class org.apache.velocity.runtime.log.Log4JLogChute
2022-09-05 15:07:41,525 - Using logger class org.apache.velocity.runtime.log.Log4JLogChute
2022-09-05 15:07:41,532 - ResourceLoader instantiated: org.apache.velocity.runtime.resource.loader.FileResourceLoader
2022-09-05 15:07:41,533 - Do unicode file recognition:  false
2022-09-05 15:07:41,533 - FileResourceLoader : adding path 'src/main/resources/template'
2022-09-05 15:07:41,549 - ResourceCache: initialized (class org.apache.velocity.runtime.resource.ResourceCacheImpl) with class java.util.Collections$SynchronizedMap cache map.
2022-09-05 15:07:41,551 - Loaded System Directive: org.apache.velocity.runtime.directive.Stop
2022-09-05 15:07:41,553 - Loaded System Directive: org.apache.velocity.runtime.directive.Define
2022-09-05 15:07:41,553 - Loaded System Directive: org.apache.velocity.runtime.directive.Break
2022-09-05 15:07:41,554 - Loaded System Directive: org.apache.velocity.runtime.directive.Evaluate
2022-09-05 15:07:41,555 - Loaded System Directive: org.apache.velocity.runtime.directive.Literal
2022-09-05 15:07:41,556 - Loaded System Directive: org.apache.velocity.runtime.directive.Macro
2022-09-05 15:07:41,558 - Loaded System Directive: org.apache.velocity.runtime.directive.Parse
2022-09-05 15:07:41,559 - Loaded System Directive: org.apache.velocity.runtime.directive.Include
2022-09-05 15:07:41,560 - Loaded System Directive: org.apache.velocity.runtime.directive.Foreach
2022-09-05 15:07:41,596 - Created '20' parsers.
2022-09-05 15:07:41,603 - Velocimacro : "velocimacro.library" is not set.  Trying default library: VM_global_library.vm
2022-09-05 15:07:41,603 - Velocimacro : Default library not found.
2022-09-05 15:07:41,603 - Velocimacro : allowInline = true : VMs can be defined inline in templates
2022-09-05 15:07:41,603 - Velocimacro : allowInlineToOverride = false : VMs defined inline may NOT replace previous VM definitions
2022-09-05 15:07:41,603 - Velocimacro : allowInlineLocal = false : VMs defined inline will be global in scope if allowed.
2022-09-05 15:07:41,603 - Velocimacro : autoload off : VM system will not automatically reload global library macros
2022-09-05 15:07:41,616 - ResourceManager : found hello.vm with loader org.apache.velocity.runtime.resource.loader.FileResourceLoader
